23:20:23.998 [main] ERROR resources.base - no such element: Unable to locate element: {"method":"xpath","selector":"//i[@class='fa fa-caret-down'][11]"}
  (Session info: chrome=67.0.3396.99)
  (Driver info: chromedriver=2.36.540470 (e522d04694c7ebea4ba8821272dbef4f9b818c91),platform=Windows NT 10.0.17134 x86_64) (WARNING: The server did not provide any stacktrace information)
Command duration or timeout: 0 milliseconds
For documentation on this error, please visit: http://seleniumhq.org/exceptions/no_such_element.html
Build info: version: '3.8.1', revision: '6e95a6684b', time: '2017-12-01T18:33:54.468Z'
System info: host: 'DESKTOP-B75F35K', ip: '10.0.2.15', os.name: 'Windows 10', os.arch: 'amd64', os.version: '10.0', java.version: '1.8.0_171'
Driver info: org.openqa.selenium.chrome.ChromeDriver
Capabilities {acceptInsecureCerts: false, acceptSslCerts: false, applicationCacheEnabled: false, browserConnectionEnabled: false, browserName: chrome, chrome: {chromedriverVersion: 2.36.540470 (e522d04694c7eb..., userDataDir: C:\Users\bilaw\AppData\Loca...}, cssSelectorsEnabled: true, databaseEnabled: false, handlesAlerts: true, hasTouchScreen: false, javascriptEnabled: true, locationContextEnabled: true, mobileEmulationEnabled: false, nativeEvents: true, networkConnectionEnabled: false, pageLoadStrategy: normal, platform: XP, platformName: XP, rotatable: false, setWindowRect: true, takesHeapSnapshot: true, takesScreenshot: true, unexpectedAlertBehaviour: , unhandledPromptBehavior: , version: 67.0.3396.99, webStorageEnabled: true}
Session ID: 9652ff88e1f6fbea0f94d59aad61f355
*** Element info: {Using=xpath, value=//i[@class='fa fa-caret-down'][11]}
23:36:47.498 [main] ERROR resources.base - no such element: Unable to locate element: {"method":"xpath","selector":"//i[@class='fa fa-caret-down'][11]"}
  (Session info: chrome=67.0.3396.99)
  (Driver info: chromedriver=2.36.540470 (e522d04694c7ebea4ba8821272dbef4f9b818c91),platform=Windows NT 10.0.17134 x86_64) (WARNING: The server did not provide any stacktrace information)
Command duration or timeout: 0 milliseconds
For documentation on this error, please visit: http://seleniumhq.org/exceptions/no_such_element.html
Build info: version: '3.8.1', revision: '6e95a6684b', time: '2017-12-01T18:33:54.468Z'
System info: host: 'DESKTOP-B75F35K', ip: '10.0.2.15', os.name: 'Windows 10', os.arch: 'amd64', os.version: '10.0', java.version: '1.8.0_171'
Driver info: org.openqa.selenium.chrome.ChromeDriver
Capabilities {acceptInsecureCerts: false, acceptSslCerts: false, applicationCacheEnabled: false, browserConnectionEnabled: false, browserName: chrome, chrome: {chromedriverVersion: 2.36.540470 (e522d04694c7eb..., userDataDir: C:\Users\bilaw\AppData\Loca...}, cssSelectorsEnabled: true, databaseEnabled: false, handlesAlerts: true, hasTouchScreen: false, javascriptEnabled: true, locationContextEnabled: true, mobileEmulationEnabled: false, nativeEvents: true, networkConnectionEnabled: false, pageLoadStrategy: normal, platform: XP, platformName: XP, rotatable: false, setWindowRect: true, takesHeapSnapshot: true, takesScreenshot: true, unexpectedAlertBehaviour: , unhandledPromptBehavior: , version: 67.0.3396.99, webStorageEnabled: true}
Session ID: 3d3822245205e60039ae41892d9eb409
*** Element info: {Using=xpath, value=//i[@class='fa fa-caret-down'][11]}
23:38:57.022 [main] ERROR resources.base - no such element: Unable to locate element: {"method":"xpath","selector":"//i[@class='fa fa-caret-down'][11]"}
  (Session info: chrome=67.0.3396.99)
  (Driver info: chromedriver=2.36.540470 (e522d04694c7ebea4ba8821272dbef4f9b818c91),platform=Windows NT 10.0.17134 x86_64) (WARNING: The server did not provide any stacktrace information)
Command duration or timeout: 0 milliseconds
For documentation on this error, please visit: http://seleniumhq.org/exceptions/no_such_element.html
Build info: version: '3.8.1', revision: '6e95a6684b', time: '2017-12-01T18:33:54.468Z'
System info: host: 'DESKTOP-B75F35K', ip: '10.0.2.15', os.name: 'Windows 10', os.arch: 'amd64', os.version: '10.0', java.version: '1.8.0_171'
Driver info: org.openqa.selenium.chrome.ChromeDriver
Capabilities {acceptInsecureCerts: false, acceptSslCerts: false, applicationCacheEnabled: false, browserConnectionEnabled: false, browserName: chrome, chrome: {chromedriverVersion: 2.36.540470 (e522d04694c7eb..., userDataDir: C:\Users\bilaw\AppData\Loca...}, cssSelectorsEnabled: true, databaseEnabled: false, handlesAlerts: true, hasTouchScreen: false, javascriptEnabled: true, locationContextEnabled: true, mobileEmulationEnabled: false, nativeEvents: true, networkConnectionEnabled: false, pageLoadStrategy: normal, platform: XP, platformName: XP, rotatable: false, setWindowRect: true, takesHeapSnapshot: true, takesScreenshot: true, unexpectedAlertBehaviour: , unhandledPromptBehavior: , version: 67.0.3396.99, webStorageEnabled: true}
Session ID: 3ec4d9e5e0ef1eb7e7af4e0321116743
*** Element info: {Using=xpath, value=//i[@class='fa fa-caret-down'][11]}
23:41:27.177 [main] INFO  resources.base - User has reached the Standard Catalog Page
23:52:01.152 [main] INFO  resources.base - User has reached the Standard Catalog Page
23:52:17.428 [main] INFO  resources.base - User has reached the PDP page after clicking on the first bundle Product
23:52:43.569 [main] INFO  resources.base - User has successfully add the Standard Product to the cart
23:52:43.909 [main] INFO  resources.base - After clicking on the email link the email dialog box has open
23:53:02.187 [main] INFO  resources.base - User is able to send the email from the standad catalog PDP page
23:53:15.216 [main] INFO  resources.base - user is searching printer using the search textbox
23:54:12.429 [main] INFO  resources.base - Product has successfully added to Favorites
23:54:12.728 [main] INFO  resources.base - After clicking on the email link the email dialog box has open
23:54:49.404 [main] INFO  resources.base - user is searching printer using the search textbox
23:55:40.187 [main] INFO  resources.base - User Have Successfully reached the Compare page
23:55:40.702 [main] INFO  resources.base - Product has successfully added to Favorites
23:57:09.035 [main] INFO  resources.base - User has clicked on the Track Nevigation Icon
23:57:10.240 [main] INFO  resources.base - User has clicked on the Buy Item Again Button
23:57:33.048 [main] INFO  resources.base - User has clicked on the close icon on the Buy Item Again Modal
23:57:39.121 [main] INFO  resources.base - User has clicked on the Calendar Circle
23:57:43.703 [main] INFO  resources.base - User has clicked on the first Link from the calendar Section
23:57:48.826 [main] INFO  resources.base - User has Mouse hover on My Account Icon in the header
23:57:52.141 [main] INFO  resources.base - User has clicked on the My Profile page from My Account dropdown
23:58:12.371 [main] INFO  resources.base - User has clicked Edit Profile button
23:58:27.076 [main] INFO  resources.base - User has Mouse hover on My Account Icon in the header 2nd time
23:58:29.886 [main] INFO  resources.base - User has clicked on the My Profile page from My Account dropdown 2nd time
23:58:37.673 [main] INFO  resources.base - User has clicked Edit Profile button 2nd time
23:58:37.870 [main] INFO  resources.base - User has selected the Home Page as Shop Page again
23:58:37.968 [main] INFO  resources.base - User has Again clicked the SAve Button
23:58:55.252 [main] INFO  resources.base - User has Clicked on the SHop Icon from the Header
23:58:58.907 [main] INFO  resources.base - User has Clicked on the recently viewed Link on the Home Page
23:58:58.971 [main] INFO  resources.base - User has reached the Recently viewed screen after clicking on the recently view link from the home page
23:58:59.070 [main] INFO  resources.base - User has Mouse hover on My Account Icon in the header
00:02:52.016 [main] INFO  resources.base - User has clicked on the Track Button
00:03:14.866 [main] INFO  resources.base - User has clicked on the Purchase Analysis Icon
00:04:49.345 [main] INFO  resources.base - User has clicked on the Track Button
01:01:56.063 [main] INFO  resources.base - user is searching printer using the search textbox
01:03:29.556 [main] INFO  resources.base - User Have Successfully reached the Compare page
01:03:30.299 [main] INFO  resources.base - Product has successfully added to Favorites
01:12:54.793 [main] INFO  resources.base - user is searching printer using the search textbox
01:13:47.373 [main] INFO  resources.base - User Have Successfully reached the Compare page
01:13:47.985 [main] INFO  resources.base - Product has successfully added to Favorites
02:45:43.311 [main] INFO  resources.base - User has reached the Standard Catalog Page
02:56:20.021 [main] INFO  resources.base - User has reached the Standard Catalog Page
02:56:36.109 [main] INFO  resources.base - User has reached the PDP page after clicking on the first bundle Product
02:56:56.012 [main] INFO  resources.base - User has successfully add the Standard Product to the cart
02:56:56.381 [main] INFO  resources.base - After clicking on the email link the email dialog box has open
02:57:16.614 [main] INFO  resources.base - User is able to send the email from the standad catalog PDP page
02:57:30.206 [main] INFO  resources.base - user is searching printer using the search textbox
02:58:27.417 [main] INFO  resources.base - Product has successfully added to Favorites
02:58:27.770 [main] INFO  resources.base - After clicking on the email link the email dialog box has open
02:59:04.377 [main] INFO  resources.base - user is searching printer using the search textbox
02:59:48.007 [main] INFO  resources.base - User Have Successfully reached the Compare page
02:59:48.537 [main] INFO  resources.base - Product has successfully added to Favorites
03:01:15.259 [main] INFO  resources.base - User has clicked on the Track Nevigation Icon
03:01:16.560 [main] INFO  resources.base - User has clicked on the Buy Item Again Button
03:02:06.936 [main] ERROR resources.base - unknown error: Element <i aria-hidden="true" class="fa fa-caret-down"></i> is not clickable at point (846, 58). Other element would receive the click: <div id="loadingMask" class="connection-loader tenlayer "></div>
  (Session info: chrome=67.0.3396.99)
  (Driver info: chromedriver=2.36.540470 (e522d04694c7ebea4ba8821272dbef4f9b818c91),platform=Windows NT 10.0.17134 x86_64) (WARNING: The server did not provide any stacktrace information)
Command duration or timeout: 0 milliseconds
Build info: version: '3.8.1', revision: '6e95a6684b', time: '2017-12-01T18:33:54.468Z'
System info: host: 'DESKTOP-B75F35K', ip: '10.0.2.15', os.name: 'Windows 10', os.arch: 'amd64', os.version: '10.0', java.version: '1.8.0_171'
Driver info: org.openqa.selenium.chrome.ChromeDriver
Capabilities {acceptInsecureCerts: false, acceptSslCerts: false, applicationCacheEnabled: false, browserConnectionEnabled: false, browserName: chrome, chrome: {chromedriverVersion: 2.36.540470 (e522d04694c7eb..., userDataDir: C:\Users\bilaw\AppData\Loca...}, cssSelectorsEnabled: true, databaseEnabled: false, handlesAlerts: true, hasTouchScreen: false, javascriptEnabled: true, locationContextEnabled: true, mobileEmulationEnabled: false, nativeEvents: true, networkConnectionEnabled: false, pageLoadStrategy: normal, platform: XP, platformName: XP, rotatable: false, setWindowRect: true, takesHeapSnapshot: true, takesScreenshot: true, unexpectedAlertBehaviour: , unhandledPromptBehavior: , version: 67.0.3396.99, webStorageEnabled: true}
Session ID: ab4337badb5b3c1de6111ea85cbe2bc3
04:00:03.069 [main] INFO  resources.base - User has reached the Standard Catalog Page
04:09:54.905 [main] ERROR resources.base - unknown error: Element <i aria-hidden="true" class="fa fa-caret-down"></i> is not clickable at point (846, 30). Other element would receive the click: <div role="dialog" class="modal" style="display: block;">...</div>
  (Session info: chrome=67.0.3396.99)
  (Driver info: chromedriver=2.36.540470 (e522d04694c7ebea4ba8821272dbef4f9b818c91),platform=Windows NT 10.0.17134 x86_64) (WARNING: The server did not provide any stacktrace information)
Command duration or timeout: 0 milliseconds
Build info: version: '3.8.1', revision: '6e95a6684b', time: '2017-12-01T18:33:54.468Z'
System info: host: 'DESKTOP-B75F35K', ip: '10.0.2.15', os.name: 'Windows 10', os.arch: 'amd64', os.version: '10.0', java.version: '1.8.0_171'
Driver info: org.openqa.selenium.chrome.ChromeDriver
Capabilities {acceptInsecureCerts: false, acceptSslCerts: false, applicationCacheEnabled: false, browserConnectionEnabled: false, browserName: chrome, chrome: {chromedriverVersion: 2.36.540470 (e522d04694c7eb..., userDataDir: C:\Users\bilaw\AppData\Loca...}, cssSelectorsEnabled: true, databaseEnabled: false, handlesAlerts: true, hasTouchScreen: false, javascriptEnabled: true, locationContextEnabled: true, mobileEmulationEnabled: false, nativeEvents: true, networkConnectionEnabled: false, pageLoadStrategy: normal, platform: XP, platformName: XP, rotatable: false, setWindowRect: true, takesHeapSnapshot: true, takesScreenshot: true, unexpectedAlertBehaviour: , unhandledPromptBehavior: , version: 67.0.3396.99, webStorageEnabled: true}
Session ID: 35d77a6eca4c90dcdddd2b4b3e8a6b42
21:48:59.495 [main] INFO  resources.base - User has Mouse hover on My Account Icon in the header
21:49:03.214 [main] INFO  resources.base - User has clicked on the My Profile page from My Account dropdown
21:49:26.344 [main] INFO  resources.base - User has clicked Edit Profile button
21:49:44.209 [main] INFO  resources.base - User has Mouse hover on My Account Icon in the header 2nd time
21:49:47.421 [main] INFO  resources.base - User has clicked on the My Profile page from My Account dropdown 2nd time
21:49:56.492 [main] INFO  resources.base - User has clicked Edit Profile button 2nd time
21:49:56.827 [main] INFO  resources.base - User has selected the Home Page as Shop Page again
21:49:56.932 [main] INFO  resources.base - User has Again clicked the SAve Button
12:26:19.295 [main] INFO  resources.base - User has Mouse hover on My Account Icon in the header
12:26:30.629 [main] INFO  resources.base - User has clicked on the My Profile page from My Account dropdown
12:26:56.056 [main] INFO  resources.base - User has clicked Edit Profile button
12:27:13.582 [main] INFO  resources.base - User has Mouse hover on My Account Icon in the header 2nd time
12:27:17.015 [main] INFO  resources.base - User has clicked on the My Profile page from My Account dropdown 2nd time
12:27:26.459 [main] INFO  resources.base - User has clicked Edit Profile button 2nd time
12:27:26.635 [main] INFO  resources.base - User has selected the Home Page as Shop Page again
12:27:26.732 [main] INFO  resources.base - User has Again clicked the SAve Button
16:12:49.298 [main] INFO  resources.base - User has reached the Standard Catalog Page
16:13:09.491 [main] INFO  resources.base - User has reached the PDP page after clicking on the first bundle Product
16:13:34.908 [main] INFO  resources.base - User has successfully add the Standard Product to the cart
16:13:35.417 [main] INFO  resources.base - After clicking on the email link the email dialog box has open
16:13:56.418 [main] INFO  resources.base - User is able to send the email from the standad catalog PDP page
16:14:06.037 [main] INFO  resources.base - user is searching printer using the search textbox
16:15:06.347 [main] INFO  resources.base - user is searching printer using the search textbox
16:16:36.390 [main] INFO  resources.base - User has clicked on the Track Nevigation Icon
16:16:36.918 [main] INFO  resources.base - User has clicked on the Buy Item Again Button
16:16:47.933 [main] INFO  resources.base - User has clicked on the close icon on the Buy Item Again Modal
16:16:52.222 [main] INFO  resources.base - User has clicked on the Calendar Circle
16:16:58.838 [main] INFO  resources.base - User has clicked on the first Link from the calendar Section
16:17:34.555 [main] INFO  resources.base - User has Clicked on the SHop Icon from the Header
16:17:40.404 [main] INFO  resources.base - User has Clicked on the recently viewed Link on the Home Page
16:17:40.404 [main] INFO  resources.base - User has reached the Recently viewed screen after clicking on the recently view link from the home page
16:17:40.472 [main] INFO  resources.base - User has Mouse hover on My Account Icon in the header
16:44:49.368 [main] INFO  resources.base - User has reached the Standard Catalog Page
16:48:28.749 [main] ERROR resources.base - Currently focused window has been closed.
Build info: version: '3.11.0', revision: 'e59cfb3', time: '2018-03-11T20:26:55.152Z'
System info: host: 'DESKTOP-B75F35K', ip: '10.0.2.15', os.name: 'Windows 10', os.arch: 'amd64', os.version: '10.0', java.version: '1.8.0_171'
Driver info: org.openqa.selenium.ie.InternetExplorerDriver
Capabilities {acceptInsecureCerts: false, browserName: internet explorer, browserVersion: 11, javascriptEnabled: true, pageLoadStrategy: normal, platform: WINDOWS, platformName: WINDOWS, proxy: Proxy(), se:ieOptions: {browserAttachTimeout: 0, elementScrollBehavior: 0, enablePersistentHover: true, ie.browserCommandLineSwitches: , ie.ensureCleanSession: false, ie.fileUploadDialogTimeout: 3000, ie.forceCreateProcessApi: false, ignoreProtectedModeSettings: false, ignoreZoomSetting: false, initialBrowserUrl: http://localhost:46196/, nativeEvents: true, requireWindowFocus: false}, setWindowRect: true, timeouts: {implicit: 0, pageLoad: 300000, script: 30000}}
Session ID: 84b4099d-8c5b-4722-9061-5a9a955ff51d
*** Element info: {Using=xpath, value=(//i[@class='fa fa-caret-down'])[1]}
16:59:01.358 [main] ERROR resources.base - null
17:06:22.802 [main] ERROR resources.base - Element <i class="fa fa-caret-down"> is not clickable at point (846.2000122070312,58.600006103515625) because another element <div id="loadingMask" class="connection-loader tenlayer "> obscures it
Build info: version: '3.11.0', revision: 'e59cfb3', time: '2018-03-11T20:26:55.152Z'
System info: host: 'DESKTOP-B75F35K', ip: '10.0.2.15', os.name: 'Windows 10', os.arch: 'amd64', os.version: '10.0', java.version: '1.8.0_171'
Driver info: org.openqa.selenium.firefox.FirefoxDriver
Capabilities {acceptInsecureCerts: true, browserName: firefox, browserVersion: 61.0.1, javascriptEnabled: true, moz:accessibilityChecks: false, moz:headless: false, moz:processID: 9052, moz:profile: C:\Users\bilaw\AppData\Loca..., moz:useNonSpecCompliantPointerOrigin: false, moz:webdriverClick: true, pageLoadStrategy: normal, platform: XP, platformName: XP, platformVersion: 10.0, rotatable: false, timeouts: {implicit: 0, pageLoad: 300000, script: 30000}}
Session ID: c478e992-6dc7-42b8-85e7-b6a490e26bec
11:09:20.003 [main] INFO  resources.base - User has Mouse hover on My Account Icon in the header
11:09:26.621 [main] INFO  resources.base - User has clicked on the My Profile page from My Account dropdown
11:09:48.081 [main] INFO  resources.base - User has clicked Edit Profile button
11:10:04.907 [main] INFO  resources.base - User has Mouse hover on My Account Icon in the header 2nd time
11:10:09.151 [main] INFO  resources.base - User has clicked on the My Profile page from My Account dropdown 2nd time
11:10:17.758 [main] INFO  resources.base - User has clicked Edit Profile button 2nd time
11:10:18.188 [main] INFO  resources.base - User has selected the Home Page as Shop Page again
11:10:18.434 [main] INFO  resources.base - User has Again clicked the SAve Button
18:30:47.351 [main] INFO  resources.base - User has Mouse hover on My Account Icon in the header
18:30:56.268 [main] INFO  resources.base - User has clicked on the My Profile page from My Account dropdown
18:31:18.165 [main] INFO  resources.base - User has clicked Edit Profile button
18:31:34.612 [main] INFO  resources.base - User has Mouse hover on My Account Icon in the header 2nd time
18:31:38.657 [main] INFO  resources.base - User has clicked on the My Profile page from My Account dropdown 2nd time
18:31:47.381 [main] INFO  resources.base - User has clicked Edit Profile button 2nd time
18:31:47.764 [main] INFO  resources.base - User has selected the Home Page as Shop Page again
18:31:48.035 [main] INFO  resources.base - User has Again clicked the SAve Button
02:35:06.783 [main] INFO  resources.base - User has Mouse hover on My Account Icon in the header
02:35:11.303 [main] INFO  resources.base - User has clicked on the My Profile page from My Account dropdown
02:35:31.770 [main] INFO  resources.base - User has clicked Edit Profile button
02:35:49.592 [main] INFO  resources.base - User has Mouse hover on My Account Icon in the header 2nd time
04:13:36.470 [main] INFO  resources.base - User has Mouse hover on My Account Icon in the header
04:13:46.614 [main] INFO  resources.base - User has clicked on the My Profile page from My Account dropdown
04:14:07.624 [main] INFO  resources.base - User has clicked Edit Profile button
04:14:27.371 [main] INFO  resources.base - User has Mouse hover on My Account Icon in the header 2nd time
04:14:32.005 [main] INFO  resources.base - User has clicked on the My Profile page from My Account dropdown 2nd time
04:14:41.073 [main] INFO  resources.base - User has clicked Edit Profile button 2nd time
04:14:41.491 [main] INFO  resources.base - User has selected the Home Page as Shop Page again
04:14:41.775 [main] INFO  resources.base - User has Again clicked the SAve Button
05:07:44.330 [main] INFO  resources.base - User has Mouse hover on My Account Icon in the header
05:07:49.254 [main] INFO  resources.base - User has clicked on the My Profile page from My Account dropdown
05:08:09.940 [main] INFO  resources.base - User has clicked Edit Profile button
05:08:28.125 [main] INFO  resources.base - User has Mouse hover on My Account Icon in the header 2nd time
05:08:33.844 [main] INFO  resources.base - User has clicked on the My Profile page from My Account dropdown 2nd time
05:08:42.818 [main] INFO  resources.base - User has clicked Edit Profile button 2nd time
05:08:43.255 [main] INFO  resources.base - User has selected the Home Page as Shop Page again
05:08:43.555 [main] INFO  resources.base - User has Again clicked the SAve Button
05:59:31.334 [main] INFO  resources.base - User has Mouse hover on My Account Icon in the header
01:33:02.278 [main] INFO  resources.base - User has Mouse hover on My Account Icon in the header
01:33:08.825 [main] INFO  resources.base - User has clicked on the My Profile page from My Account dropdown
01:33:34.011 [main] INFO  resources.base - User has clicked Edit Profile button
01:33:56.963 [main] INFO  resources.base - User has Mouse hover on My Account Icon in the header 2nd time
01:34:01.282 [main] INFO  resources.base - User has clicked on the My Profile page from My Account dropdown 2nd time
01:34:12.267 [main] INFO  resources.base - User has clicked Edit Profile button 2nd time
01:34:12.663 [main] INFO  resources.base - User has selected the Home Page as Shop Page again
01:34:12.954 [main] INFO  resources.base - User has Again clicked the SAve Button
01:55:42.789 [main] ERROR resources.base - Error Log of MT729 Element <button class="btn btn-default" type="button"> could not be scrolled into view
Build info: version: '3.11.0', revision: 'e59cfb3', time: '2018-03-11T20:26:55.152Z'
System info: host: 'DESKTOP-B75F35K', ip: '10.0.2.15', os.name: 'Windows 10', os.arch: 'amd64', os.version: '10.0', java.version: '1.8.0_171'
Driver info: org.openqa.selenium.firefox.FirefoxDriver
Capabilities {acceptInsecureCerts: true, browserName: firefox, browserVersion: 61.0.1, javascriptEnabled: true, moz:accessibilityChecks: false, moz:headless: false, moz:processID: 3256, moz:profile: C:\Users\bilaw\AppData\Loca..., moz:useNonSpecCompliantPointerOrigin: false, moz:webdriverClick: true, pageLoadStrategy: normal, platform: XP, platformName: XP, platformVersion: 10.0, rotatable: false, timeouts: {implicit: 0, pageLoad: 300000, script: 30000}}
Session ID: 2c381d7e-b122-4134-a395-4777ac484a68
01:55:42.789 [main] ERROR resources.base - Element <button class="btn btn-default" type="button"> could not be scrolled into view
Build info: version: '3.11.0', revision: 'e59cfb3', time: '2018-03-11T20:26:55.152Z'
System info: host: 'DESKTOP-B75F35K', ip: '10.0.2.15', os.name: 'Windows 10', os.arch: 'amd64', os.version: '10.0', java.version: '1.8.0_171'
Driver info: org.openqa.selenium.firefox.FirefoxDriver
Capabilities {acceptInsecureCerts: true, browserName: firefox, browserVersion: 61.0.1, javascriptEnabled: true, moz:accessibilityChecks: false, moz:headless: false, moz:processID: 3256, moz:profile: C:\Users\bilaw\AppData\Loca..., moz:useNonSpecCompliantPointerOrigin: false, moz:webdriverClick: true, pageLoadStrategy: normal, platform: XP, platformName: XP, platformVersion: 10.0, rotatable: false, timeouts: {implicit: 0, pageLoad: 300000, script: 30000}}
Session ID: 2c381d7e-b122-4134-a395-4777ac484a68
02:07:54.814 [main] INFO  resources.base - User has Mouse hover on My Account Icon in the header
02:52:12.789 [main] ERROR resources.base - Error Log of MT729 Element <button class="btn btn-default" type="button"> could not be scrolled into view
Build info: version: '3.11.0', revision: 'e59cfb3', time: '2018-03-11T20:26:55.152Z'
System info: host: 'DESKTOP-B75F35K', ip: '10.0.2.15', os.name: 'Windows 10', os.arch: 'amd64', os.version: '10.0', java.version: '1.8.0_171'
Driver info: org.openqa.selenium.firefox.FirefoxDriver
Capabilities {acceptInsecureCerts: true, browserName: firefox, browserVersion: 61.0.1, javascriptEnabled: true, moz:accessibilityChecks: false, moz:headless: false, moz:processID: 1516, moz:profile: C:\Users\bilaw\AppData\Loca..., moz:useNonSpecCompliantPointerOrigin: false, moz:webdriverClick: true, pageLoadStrategy: normal, platform: XP, platformName: XP, platformVersion: 10.0, rotatable: false, timeouts: {implicit: 0, pageLoad: 300000, script: 30000}}
Session ID: 83583763-2967-46ca-b683-1f1fa28720d5
02:52:12.815 [main] ERROR resources.base - Element <button class="btn btn-default" type="button"> could not be scrolled into view
Build info: version: '3.11.0', revision: 'e59cfb3', time: '2018-03-11T20:26:55.152Z'
System info: host: 'DESKTOP-B75F35K', ip: '10.0.2.15', os.name: 'Windows 10', os.arch: 'amd64', os.version: '10.0', java.version: '1.8.0_171'
Driver info: org.openqa.selenium.firefox.FirefoxDriver
Capabilities {acceptInsecureCerts: true, browserName: firefox, browserVersion: 61.0.1, javascriptEnabled: true, moz:accessibilityChecks: false, moz:headless: false, moz:processID: 1516, moz:profile: C:\Users\bilaw\AppData\Loca..., moz:useNonSpecCompliantPointerOrigin: false, moz:webdriverClick: true, pageLoadStrategy: normal, platform: XP, platformName: XP, platformVersion: 10.0, rotatable: false, timeouts: {implicit: 0, pageLoad: 300000, script: 30000}}
Session ID: 83583763-2967-46ca-b683-1f1fa28720d5
03:05:13.573 [main] ERROR resources.base - Error Log of MT729 Element <button class="btn btn-default" type="button"> could not be scrolled into view
Build info: version: '3.11.0', revision: 'e59cfb3', time: '2018-03-11T20:26:55.152Z'
System info: host: 'DESKTOP-B75F35K', ip: '10.0.2.15', os.name: 'Windows 10', os.arch: 'amd64', os.version: '10.0', java.version: '1.8.0_171'
Driver info: org.openqa.selenium.firefox.FirefoxDriver
Capabilities {acceptInsecureCerts: true, browserName: firefox, browserVersion: 61.0.1, javascriptEnabled: true, moz:accessibilityChecks: false, moz:headless: false, moz:processID: 1324, moz:profile: C:\Users\bilaw\AppData\Loca..., moz:useNonSpecCompliantPointerOrigin: false, moz:webdriverClick: true, pageLoadStrategy: normal, platform: XP, platformName: XP, platformVersion: 10.0, rotatable: false, timeouts: {implicit: 0, pageLoad: 300000, script: 30000}}
Session ID: 4a167760-1260-4115-b6da-c11602a5a61f
03:05:13.573 [main] ERROR resources.base - Element <button class="btn btn-default" type="button"> could not be scrolled into view
Build info: version: '3.11.0', revision: 'e59cfb3', time: '2018-03-11T20:26:55.152Z'
System info: host: 'DESKTOP-B75F35K', ip: '10.0.2.15', os.name: 'Windows 10', os.arch: 'amd64', os.version: '10.0', java.version: '1.8.0_171'
Driver info: org.openqa.selenium.firefox.FirefoxDriver
Capabilities {acceptInsecureCerts: true, browserName: firefox, browserVersion: 61.0.1, javascriptEnabled: true, moz:accessibilityChecks: false, moz:headless: false, moz:processID: 1324, moz:profile: C:\Users\bilaw\AppData\Loca..., moz:useNonSpecCompliantPointerOrigin: false, moz:webdriverClick: true, pageLoadStrategy: normal, platform: XP, platformName: XP, platformVersion: 10.0, rotatable: false, timeouts: {implicit: 0, pageLoad: 300000, script: 30000}}
Session ID: 4a167760-1260-4115-b6da-c11602a5a61f
03:05:22.205 [main] ERROR resources.base - Error Log of MT729 Element <button class="btn btn-default" type="button"> could not be scrolled into view
Build info: version: '3.11.0', revision: 'e59cfb3', time: '2018-03-11T20:26:55.152Z'
System info: host: 'DESKTOP-B75F35K', ip: '10.0.2.15', os.name: 'Windows 10', os.arch: 'amd64', os.version: '10.0', java.version: '1.8.0_171'
Driver info: org.openqa.selenium.firefox.FirefoxDriver
Capabilities {acceptInsecureCerts: true, browserName: firefox, browserVersion: 61.0.1, javascriptEnabled: true, moz:accessibilityChecks: false, moz:headless: false, moz:processID: 11156, moz:profile: C:\Users\bilaw\AppData\Loca..., moz:useNonSpecCompliantPointerOrigin: false, moz:webdriverClick: true, pageLoadStrategy: normal, platform: XP, platformName: XP, platformVersion: 10.0, rotatable: false, timeouts: {implicit: 0, pageLoad: 300000, script: 30000}}
Session ID: e5eb2aa7-0e61-466b-8bda-156076072d4b
03:05:22.205 [main] ERROR resources.base - Element <button class="btn btn-default" type="button"> could not be scrolled into view
Build info: version: '3.11.0', revision: 'e59cfb3', time: '2018-03-11T20:26:55.152Z'
System info: host: 'DESKTOP-B75F35K', ip: '10.0.2.15', os.name: 'Windows 10', os.arch: 'amd64', os.version: '10.0', java.version: '1.8.0_171'
Driver info: org.openqa.selenium.firefox.FirefoxDriver
Capabilities {acceptInsecureCerts: true, browserName: firefox, browserVersion: 61.0.1, javascriptEnabled: true, moz:accessibilityChecks: false, moz:headless: false, moz:processID: 11156, moz:profile: C:\Users\bilaw\AppData\Loca..., moz:useNonSpecCompliantPointerOrigin: false, moz:webdriverClick: true, pageLoadStrategy: normal, platform: XP, platformName: XP, platformVersion: 10.0, rotatable: false, timeouts: {implicit: 0, pageLoad: 300000, script: 30000}}
Session ID: e5eb2aa7-0e61-466b-8bda-156076072d4b
03:17:18.706 [main] ERROR resources.base - Error Log of MT729 Element <button class="btn btn-default" type="button"> could not be scrolled into view
Build info: version: '3.11.0', revision: 'e59cfb3', time: '2018-03-11T20:26:55.152Z'
System info: host: 'DESKTOP-B75F35K', ip: '10.0.2.15', os.name: 'Windows 10', os.arch: 'amd64', os.version: '10.0', java.version: '1.8.0_171'
Driver info: org.openqa.selenium.firefox.FirefoxDriver
Capabilities {acceptInsecureCerts: true, browserName: firefox, browserVersion: 61.0.1, javascriptEnabled: true, moz:accessibilityChecks: false, moz:headless: false, moz:processID: 12844, moz:profile: C:\Users\bilaw\AppData\Loca..., moz:useNonSpecCompliantPointerOrigin: false, moz:webdriverClick: true, pageLoadStrategy: normal, platform: XP, platformName: XP, platformVersion: 10.0, rotatable: false, timeouts: {implicit: 0, pageLoad: 300000, script: 30000}}
Session ID: 3ca5dc97-152a-4bb5-aaf3-461b001d301c
03:17:18.706 [main] ERROR resources.base - Element <button class="btn btn-default" type="button"> could not be scrolled into view
Build info: version: '3.11.0', revision: 'e59cfb3', time: '2018-03-11T20:26:55.152Z'
System info: host: 'DESKTOP-B75F35K', ip: '10.0.2.15', os.name: 'Windows 10', os.arch: 'amd64', os.version: '10.0', java.version: '1.8.0_171'
Driver info: org.openqa.selenium.firefox.FirefoxDriver
Capabilities {acceptInsecureCerts: true, browserName: firefox, browserVersion: 61.0.1, javascriptEnabled: true, moz:accessibilityChecks: false, moz:headless: false, moz:processID: 12844, moz:profile: C:\Users\bilaw\AppData\Loca..., moz:useNonSpecCompliantPointerOrigin: false, moz:webdriverClick: true, pageLoadStrategy: normal, platform: XP, platformName: XP, platformVersion: 10.0, rotatable: false, timeouts: {implicit: 0, pageLoad: 300000, script: 30000}}
Session ID: 3ca5dc97-152a-4bb5-aaf3-461b001d301c
23:17:08.615 [main] ERROR resources.base - Error Log of MT729 Element <button class="btn btn-default" type="button"> could not be scrolled into view
Build info: version: '3.11.0', revision: 'e59cfb3', time: '2018-03-11T20:26:55.152Z'
System info: host: 'DESKTOP-B75F35K', ip: '10.0.2.15', os.name: 'Windows 10', os.arch: 'amd64', os.version: '10.0', java.version: '1.8.0_171'
Driver info: org.openqa.selenium.firefox.FirefoxDriver
Capabilities {acceptInsecureCerts: true, browserName: firefox, browserVersion: 61.0.1, javascriptEnabled: true, moz:accessibilityChecks: false, moz:headless: false, moz:processID: 272, moz:profile: C:\Users\bilaw\AppData\Loca..., moz:useNonSpecCompliantPointerOrigin: false, moz:webdriverClick: true, pageLoadStrategy: normal, platform: XP, platformName: XP, platformVersion: 10.0, rotatable: false, timeouts: {implicit: 0, pageLoad: 300000, script: 30000}}
Session ID: 42948c04-40d1-44f0-aa05-1df1ac5f283a
23:17:08.641 [main] ERROR resources.base - Element <button class="btn btn-default" type="button"> could not be scrolled into view
Build info: version: '3.11.0', revision: 'e59cfb3', time: '2018-03-11T20:26:55.152Z'
System info: host: 'DESKTOP-B75F35K', ip: '10.0.2.15', os.name: 'Windows 10', os.arch: 'amd64', os.version: '10.0', java.version: '1.8.0_171'
Driver info: org.openqa.selenium.firefox.FirefoxDriver
Capabilities {acceptInsecureCerts: true, browserName: firefox, browserVersion: 61.0.1, javascriptEnabled: true, moz:accessibilityChecks: false, moz:headless: false, moz:processID: 272, moz:profile: C:\Users\bilaw\AppData\Loca..., moz:useNonSpecCompliantPointerOrigin: false, moz:webdriverClick: true, pageLoadStrategy: normal, platform: XP, platformName: XP, platformVersion: 10.0, rotatable: false, timeouts: {implicit: 0, pageLoad: 300000, script: 30000}}
Session ID: 42948c04-40d1-44f0-aa05-1df1ac5f283a
23:42:21.005 [main] ERROR resources.base - Error Log of MT729 Element <button class="btn btn-default" type="button"> could not be scrolled into view
Build info: version: '3.11.0', revision: 'e59cfb3', time: '2018-03-11T20:26:55.152Z'
System info: host: 'DESKTOP-B75F35K', ip: '10.0.2.15', os.name: 'Windows 10', os.arch: 'amd64', os.version: '10.0', java.version: '1.8.0_171'
Driver info: org.openqa.selenium.firefox.FirefoxDriver
Capabilities {acceptInsecureCerts: true, browserName: firefox, browserVersion: 61.0.1, javascriptEnabled: true, moz:accessibilityChecks: false, moz:headless: false, moz:processID: 7696, moz:profile: C:\Users\bilaw\AppData\Loca..., moz:useNonSpecCompliantPointerOrigin: false, moz:webdriverClick: true, pageLoadStrategy: normal, platform: XP, platformName: XP, platformVersion: 10.0, rotatable: false, timeouts: {implicit: 0, pageLoad: 300000, script: 30000}}
Session ID: 3a9fe69d-5ed8-4f5c-ab53-256dfdb75260
23:42:21.005 [main] ERROR resources.base - Element <button class="btn btn-default" type="button"> could not be scrolled into view
Build info: version: '3.11.0', revision: 'e59cfb3', time: '2018-03-11T20:26:55.152Z'
System info: host: 'DESKTOP-B75F35K', ip: '10.0.2.15', os.name: 'Windows 10', os.arch: 'amd64', os.version: '10.0', java.version: '1.8.0_171'
Driver info: org.openqa.selenium.firefox.FirefoxDriver
Capabilities {acceptInsecureCerts: true, browserName: firefox, browserVersion: 61.0.1, javascriptEnabled: true, moz:accessibilityChecks: false, moz:headless: false, moz:processID: 7696, moz:profile: C:\Users\bilaw\AppData\Loca..., moz:useNonSpecCompliantPointerOrigin: false, moz:webdriverClick: true, pageLoadStrategy: normal, platform: XP, platformName: XP, platformVersion: 10.0, rotatable: false, timeouts: {implicit: 0, pageLoad: 300000, script: 30000}}
Session ID: 3a9fe69d-5ed8-4f5c-ab53-256dfdb75260
00:15:17.049 [main] ERROR resources.base - Error Log of MT729 Element <button class="btn btn-default" type="button"> could not be scrolled into view
Build info: version: '3.11.0', revision: 'e59cfb3', time: '2018-03-11T20:26:55.152Z'
System info: host: 'DESKTOP-B75F35K', ip: '10.0.2.15', os.name: 'Windows 10', os.arch: 'amd64', os.version: '10.0', java.version: '1.8.0_171'
Driver info: org.openqa.selenium.firefox.FirefoxDriver
Capabilities {acceptInsecureCerts: true, browserName: firefox, browserVersion: 61.0.1, javascriptEnabled: true, moz:accessibilityChecks: false, moz:headless: false, moz:processID: 14432, moz:profile: C:\Users\bilaw\AppData\Loca..., moz:useNonSpecCompliantPointerOrigin: false, moz:webdriverClick: true, pageLoadStrategy: normal, platform: XP, platformName: XP, platformVersion: 10.0, rotatable: false, timeouts: {implicit: 0, pageLoad: 300000, script: 30000}}
Session ID: fcc2b215-3067-4fe9-9440-44d6aedf2e47
00:15:17.072 [main] ERROR resources.base - Element <button class="btn btn-default" type="button"> could not be scrolled into view
Build info: version: '3.11.0', revision: 'e59cfb3', time: '2018-03-11T20:26:55.152Z'
System info: host: 'DESKTOP-B75F35K', ip: '10.0.2.15', os.name: 'Windows 10', os.arch: 'amd64', os.version: '10.0', java.version: '1.8.0_171'
Driver info: org.openqa.selenium.firefox.FirefoxDriver
Capabilities {acceptInsecureCerts: true, browserName: firefox, browserVersion: 61.0.1, javascriptEnabled: true, moz:accessibilityChecks: false, moz:headless: false, moz:processID: 14432, moz:profile: C:\Users\bilaw\AppData\Loca..., moz:useNonSpecCompliantPointerOrigin: false, moz:webdriverClick: true, pageLoadStrategy: normal, platform: XP, platformName: XP, platformVersion: 10.0, rotatable: false, timeouts: {implicit: 0, pageLoad: 300000, script: 30000}}
Session ID: fcc2b215-3067-4fe9-9440-44d6aedf2e47
00:01:40.331 [main] ERROR resources.base - Error Log of MT729 Element <button class="btn btn-default" type="button"> could not be scrolled into view
Build info: version: '3.11.0', revision: 'e59cfb3', time: '2018-03-11T20:26:55.152Z'
System info: host: 'DESKTOP-B75F35K', ip: '10.0.2.15', os.name: 'Windows 10', os.arch: 'amd64', os.version: '10.0', java.version: '1.8.0_171'
Driver info: org.openqa.selenium.firefox.FirefoxDriver
Capabilities {acceptInsecureCerts: true, browserName: firefox, browserVersion: 61.0.1, javascriptEnabled: true, moz:accessibilityChecks: false, moz:headless: false, moz:processID: 15048, moz:profile: C:\Users\bilaw\AppData\Loca..., moz:useNonSpecCompliantPointerOrigin: false, moz:webdriverClick: true, pageLoadStrategy: normal, platform: XP, platformName: XP, platformVersion: 10.0, rotatable: false, timeouts: {implicit: 0, pageLoad: 300000, script: 30000}}
Session ID: 76d32b75-289f-4205-b370-4ae3d78b772b
00:01:40.331 [main] ERROR resources.base - Element <button class="btn btn-default" type="button"> could not be scrolled into view
Build info: version: '3.11.0', revision: 'e59cfb3', time: '2018-03-11T20:26:55.152Z'
System info: host: 'DESKTOP-B75F35K', ip: '10.0.2.15', os.name: 'Windows 10', os.arch: 'amd64', os.version: '10.0', java.version: '1.8.0_171'
Driver info: org.openqa.selenium.firefox.FirefoxDriver
Capabilities {acceptInsecureCerts: true, browserName: firefox, browserVersion: 61.0.1, javascriptEnabled: true, moz:accessibilityChecks: false, moz:headless: false, moz:processID: 15048, moz:profile: C:\Users\bilaw\AppData\Loca..., moz:useNonSpecCompliantPointerOrigin: false, moz:webdriverClick: true, pageLoadStrategy: normal, platform: XP, platformName: XP, platformVersion: 10.0, rotatable: false, timeouts: {implicit: 0, pageLoad: 300000, script: 30000}}
Session ID: 76d32b75-289f-4205-b370-4ae3d78b772b
00:20:13.135 [main] INFO  resources.base - User has Mouse hover on My Account Icon in the header
14:35:56.994 [main] INFO  resources.base - User has Mouse hover on My Account Icon in the header
14:12:28.820 [main] INFO  resources.base - User has Mouse hover on My Account Icon in the header
14:17:09.286 [main] INFO  resources.base - User has Mouse hover on My Account Icon in the header
14:23:10.309 [main] INFO  resources.base - User has Mouse hover on My Account Icon in the header
14:26:11.427 [main] INFO  resources.base - User has Mouse hover on My Account Icon in the header
14:28:33.150 [main] INFO  resources.base - User has Mouse hover on My Account Icon in the header
14:28:58.648 [main] INFO  resources.base - User has clicked on the My Profile page from My Account dropdown
14:29:23.460 [main] INFO  resources.base - User has clicked Edit Profile button
14:29:46.072 [main] INFO  resources.base - User has Mouse hover on My Account Icon in the header 2nd time
14:29:51.480 [main] INFO  resources.base - User has clicked on the My Profile page from My Account dropdown 2nd time
14:30:01.887 [main] INFO  resources.base - User has clicked Edit Profile button 2nd time
14:30:02.271 [main] INFO  resources.base - User has selected the Home Page as Shop Page again
14:30:02.552 [main] INFO  resources.base - User has Again clicked the SAve Button
15:10:19.585 [main] ERROR resources.base - Error Log of MT729 Element <button class="btn btn-default" type="button"> could not be scrolled into view
Build info: version: '3.11.0', revision: 'e59cfb3', time: '2018-03-11T20:26:55.152Z'
System info: host: 'DESKTOP-B75F35K', ip: '10.0.2.15', os.name: 'Windows 10', os.arch: 'amd64', os.version: '10.0', java.version: '1.8.0_171'
Driver info: org.openqa.selenium.firefox.FirefoxDriver
Capabilities {acceptInsecureCerts: true, browserName: firefox, browserVersion: 61.0.1, javascriptEnabled: true, moz:accessibilityChecks: false, moz:headless: false, moz:processID: 10468, moz:profile: C:\Users\bilaw\AppData\Loca..., moz:useNonSpecCompliantPointerOrigin: false, moz:webdriverClick: true, pageLoadStrategy: normal, platform: XP, platformName: XP, platformVersion: 10.0, rotatable: false, timeouts: {implicit: 0, pageLoad: 300000, script: 30000}}
Session ID: dfe879c8-438b-427b-8c32-31bad9051a90
15:10:19.585 [main] ERROR resources.base - Element <button class="btn btn-default" type="button"> could not be scrolled into view
Build info: version: '3.11.0', revision: 'e59cfb3', time: '2018-03-11T20:26:55.152Z'
System info: host: 'DESKTOP-B75F35K', ip: '10.0.2.15', os.name: 'Windows 10', os.arch: 'amd64', os.version: '10.0', java.version: '1.8.0_171'
Driver info: org.openqa.selenium.firefox.FirefoxDriver
Capabilities {acceptInsecureCerts: true, browserName: firefox, browserVersion: 61.0.1, javascriptEnabled: true, moz:accessibilityChecks: false, moz:headless: false, moz:processID: 10468, moz:profile: C:\Users\bilaw\AppData\Loca..., moz:useNonSpecCompliantPointerOrigin: false, moz:webdriverClick: true, pageLoadStrategy: normal, platform: XP, platformName: XP, platformVersion: 10.0, rotatable: false, timeouts: {implicit: 0, pageLoad: 300000, script: 30000}}
Session ID: dfe879c8-438b-427b-8c32-31bad9051a90
15:05:59.494 [main] INFO  resources.base - User has Mouse hover on My Account Icon in the header
15:06:05.177 [main] INFO  resources.base - User has clicked on the My Profile page from My Account dropdown
15:06:25.699 [main] INFO  resources.base - User has clicked Edit Profile button
15:06:43.295 [main] INFO  resources.base - User has Mouse hover on My Account Icon in the header 2nd time
15:06:47.009 [main] INFO  resources.base - User has clicked on the My Profile page from My Account dropdown 2nd time
15:06:55.719 [main] INFO  resources.base - User has clicked Edit Profile button 2nd time
15:06:56.219 [main] INFO  resources.base - User has selected the Home Page as Shop Page again
15:06:56.498 [main] INFO  resources.base - User has Again clicked the SAve Button
15:52:34.505 [main] ERROR resources.base - Error Log of MT729 Element <button class="btn btn-default" type="button"> could not be scrolled into view
Build info: version: '3.11.0', revision: 'e59cfb3', time: '2018-03-11T20:26:55.152Z'
System info: host: 'DESKTOP-B75F35K', ip: '10.0.2.15', os.name: 'Windows 10', os.arch: 'amd64', os.version: '10.0', java.version: '1.8.0_171'
Driver info: org.openqa.selenium.firefox.FirefoxDriver
Capabilities {acceptInsecureCerts: true, browserName: firefox, browserVersion: 61.0.1, javascriptEnabled: true, moz:accessibilityChecks: false, moz:headless: false, moz:processID: 12764, moz:profile: C:\Users\bilaw\AppData\Loca..., moz:useNonSpecCompliantPointerOrigin: false, moz:webdriverClick: true, pageLoadStrategy: normal, platform: XP, platformName: XP, platformVersion: 10.0, rotatable: false, timeouts: {implicit: 0, pageLoad: 300000, script: 30000}}
Session ID: 6ae7efb2-8b4a-4aa6-986e-afc3f849cf1b
15:52:34.505 [main] ERROR resources.base - Element <button class="btn btn-default" type="button"> could not be scrolled into view
Build info: version: '3.11.0', revision: 'e59cfb3', time: '2018-03-11T20:26:55.152Z'
System info: host: 'DESKTOP-B75F35K', ip: '10.0.2.15', os.name: 'Windows 10', os.arch: 'amd64', os.version: '10.0', java.version: '1.8.0_171'
Driver info: org.openqa.selenium.firefox.FirefoxDriver
Capabilities {acceptInsecureCerts: true, browserName: firefox, browserVersion: 61.0.1, javascriptEnabled: true, moz:accessibilityChecks: false, moz:headless: false, moz:processID: 12764, moz:profile: C:\Users\bilaw\AppData\Loca..., moz:useNonSpecCompliantPointerOrigin: false, moz:webdriverClick: true, pageLoadStrategy: normal, platform: XP, platformName: XP, platformVersion: 10.0, rotatable: false, timeouts: {implicit: 0, pageLoad: 300000, script: 30000}}
Session ID: 6ae7efb2-8b4a-4aa6-986e-afc3f849cf1b
16:11:37.759 [main] INFO  resources.base - User has Mouse hover on My Account Icon in the header
16:11:42.233 [main] INFO  resources.base - User has clicked on the My Profile page from My Account dropdown
16:12:02.628 [main] INFO  resources.base - User has clicked Edit Profile button
16:12:19.459 [main] INFO  resources.base - User has Mouse hover on My Account Icon in the header 2nd time
16:12:23.360 [main] INFO  resources.base - User has clicked on the My Profile page from My Account dropdown 2nd time
16:12:32.128 [main] INFO  resources.base - User has clicked Edit Profile button 2nd time
16:12:32.577 [main] INFO  resources.base - User has selected the Home Page as Shop Page again
16:12:32.867 [main] INFO  resources.base - User has Again clicked the SAve Button
11:40:02.583 [main] ERROR resources.base - Error Log of MT729 Element <button class="btn btn-default" type="button"> could not be scrolled into view
Build info: version: '3.11.0', revision: 'e59cfb3', time: '2018-03-11T20:26:55.152Z'
System info: host: 'DESKTOP-B75F35K', ip: '10.0.2.15', os.name: 'Windows 10', os.arch: 'amd64', os.version: '10.0', java.version: '1.8.0_171'
Driver info: org.openqa.selenium.firefox.FirefoxDriver
Capabilities {acceptInsecureCerts: true, browserName: firefox, browserVersion: 61.0.1, javascriptEnabled: true, moz:accessibilityChecks: false, moz:headless: false, moz:processID: 12176, moz:profile: C:\Users\bilaw\AppData\Loca..., moz:useNonSpecCompliantPointerOrigin: false, moz:webdriverClick: true, pageLoadStrategy: normal, platform: XP, platformName: XP, platformVersion: 10.0, rotatable: false, timeouts: {implicit: 0, pageLoad: 300000, script: 30000}}
Session ID: e430852f-2849-4d86-9079-ab9936182392
11:40:02.607 [main] ERROR resources.base - Element <button class="btn btn-default" type="button"> could not be scrolled into view
Build info: version: '3.11.0', revision: 'e59cfb3', time: '2018-03-11T20:26:55.152Z'
System info: host: 'DESKTOP-B75F35K', ip: '10.0.2.15', os.name: 'Windows 10', os.arch: 'amd64', os.version: '10.0', java.version: '1.8.0_171'
Driver info: org.openqa.selenium.firefox.FirefoxDriver
Capabilities {acceptInsecureCerts: true, browserName: firefox, browserVersion: 61.0.1, javascriptEnabled: true, moz:accessibilityChecks: false, moz:headless: false, moz:processID: 12176, moz:profile: C:\Users\bilaw\AppData\Loca..., moz:useNonSpecCompliantPointerOrigin: false, moz:webdriverClick: true, pageLoadStrategy: normal, platform: XP, platformName: XP, platformVersion: 10.0, rotatable: false, timeouts: {implicit: 0, pageLoad: 300000, script: 30000}}
Session ID: e430852f-2849-4d86-9079-ab9936182392
12:01:12.613 [main] INFO  resources.base - User has Mouse hover on My Account Icon in the header
15:09:05.813 [main] ERROR resources.base - Error Log of MT729 Element is not displayed
Build info: version: '3.11.0', revision: 'e59cfb3', time: '2018-03-11T20:26:55.152Z'
System info: host: 'DESKTOP-B75F35K', ip: '10.0.2.15', os.name: 'Windows 10', os.arch: 'amd64', os.version: '10.0', java.version: '1.8.0_171'
Driver info: org.openqa.selenium.ie.InternetExplorerDriver
Capabilities {acceptInsecureCerts: false, browserName: internet explorer, browserVersion: 11, javascriptEnabled: true, pageLoadStrategy: normal, platform: WINDOWS, platformName: WINDOWS, proxy: Proxy(), se:ieOptions: {browserAttachTimeout: 0, elementScrollBehavior: 0, enablePersistentHover: true, ie.browserCommandLineSwitches: , ie.ensureCleanSession: false, ie.fileUploadDialogTimeout: 3000, ie.forceCreateProcessApi: false, ignoreProtectedModeSettings: false, ignoreZoomSetting: false, initialBrowserUrl: http://localhost:43597/, nativeEvents: true, requireWindowFocus: false}, setWindowRect: true, timeouts: {implicit: 0, pageLoad: 300000, script: 30000}}
Session ID: 19eb59d1-9a78-468d-bb3b-2fbddfe2e722
15:09:05.813 [main] ERROR resources.base - Element is not displayed
Build info: version: '3.11.0', revision: 'e59cfb3', time: '2018-03-11T20:26:55.152Z'
System info: host: 'DESKTOP-B75F35K', ip: '10.0.2.15', os.name: 'Windows 10', os.arch: 'amd64', os.version: '10.0', java.version: '1.8.0_171'
Driver info: org.openqa.selenium.ie.InternetExplorerDriver
Capabilities {acceptInsecureCerts: false, browserName: internet explorer, browserVersion: 11, javascriptEnabled: true, pageLoadStrategy: normal, platform: WINDOWS, platformName: WINDOWS, proxy: Proxy(), se:ieOptions: {browserAttachTimeout: 0, elementScrollBehavior: 0, enablePersistentHover: true, ie.browserCommandLineSwitches: , ie.ensureCleanSession: false, ie.fileUploadDialogTimeout: 3000, ie.forceCreateProcessApi: false, ignoreProtectedModeSettings: false, ignoreZoomSetting: false, initialBrowserUrl: http://localhost:43597/, nativeEvents: true, requireWindowFocus: false}, setWindowRect: true, timeouts: {implicit: 0, pageLoad: 300000, script: 30000}}
Session ID: 19eb59d1-9a78-468d-bb3b-2fbddfe2e722
